2022-09-10 19:49:13,811 INFO o.s.b.StartupInfoLogger [main] Starting EduBackendApplication using Java 17.0.3 on DESKTOP-0D0MM8K with PID 21276 (D:\ideaProjects\EDU\edu-backend\target\classes started by Сергей in D:\ideaProjects\EDU\edu-backend)
2022-09-10 19:49:13,816 DEBUG o.s.b.StartupInfoLogger [main] Running with Spring Boot v2.7.3, Spring v5.3.22
2022-09-10 19:49:13,817 INFO o.s.b.SpringApplication [main] No active profile set, falling back to 1 default profile: "default"
2022-09-10 19:49:14,219 INFO o.s.d.r.c.RepositoryConfigurationDelegate [main] Bootstrapping Spring Data JPA repositories in DEFAULT mode.
2022-09-10 19:49:14,255 INFO o.s.d.r.c.RepositoryConfigurationDelegate [main] Finished Spring Data repository scanning in 29 ms. Found 1 JPA repository interfaces.
2022-09-10 19:49:14,597 INFO o.s.b.w.e.t.TomcatWebServer [main] Tomcat initialized with port(s): 8081 (http)
2022-09-10 19:49:14,604 INFO o.a.j.l.DirectJDKLog [main] Initializing ProtocolHandler ["http-nio-8081"]
2022-09-10 19:49:14,604 INFO o.a.j.l.DirectJDKLog [main] Starting service [Tomcat]
2022-09-10 19:49:14,605 INFO o.a.j.l.DirectJDKLog [main] Starting Servlet engine: [Apache Tomcat/9.0.65]
2022-09-10 19:49:14,688 INFO o.a.j.l.DirectJDKLog [main] Initializing Spring embedded WebApplicationContext
2022-09-10 19:49:14,689 INFO o.s.b.w.s.c.ServletWebServerApplicationContext [main] Root WebApplicationContext: initialization completed in 844 ms
2022-09-10 19:49:14,777 INFO o.h.j.i.u.LogHelper [main] HHH000204: Processing PersistenceUnitInfo [name: default]
2022-09-10 19:49:14,805 INFO o.h.Version [main] HHH000412: Hibernate ORM core version 5.6.10.Final
2022-09-10 19:49:14,890 INFO o.h.a.c.r.j.JavaReflectionManager [main] HCANN000001: Hibernate Commons Annotations {5.1.2.Final}
2022-09-10 19:49:14,950 INFO c.z.h.HikariDataSource [main] HikariPool-1 - Starting...
2022-09-10 19:49:15,054 INFO c.z.h.HikariDataSource [main] HikariPool-1 - Start completed.
2022-09-10 19:49:15,067 INFO o.h.d.Dialect [main] HHH000400: Using dialect: org.hibernate.dialect.PostgreSQLDialect
2022-09-10 19:49:15,387 INFO o.h.e.t.j.p.i.JtaPlatformInitiator [main] HHH000490: Using JtaPlatform implementation: [org.hibernate.engine.transaction.jta.platform.internal.NoJtaPlatform]
2022-09-10 19:49:15,393 INFO o.s.o.j.AbstractEntityManagerFactoryBean [main] Initialized JPA EntityManagerFactory for persistence unit 'default'
2022-09-10 19:49:15,575 WARN o.s.b.a.o.j.JpaBaseConfiguration$JpaWebConfiguration [main] spring.jpa.open-in-view is enabled by default. Therefore, database queries may be performed during view rendering. Explicitly configure spring.jpa.open-in-view to disable this warning
2022-09-10 19:49:15,787 WARN o.s.b.a.s.s.UserDetailsServiceAutoConfiguration [main] 

Using generated security password: 8d058e0e-038f-4b23-a75f-a2e64d58bb17

This generated password is for development use only. Your security configuration must be updated before running your application in production.

2022-09-10 19:49:15,853 INFO o.s.s.w.DefaultSecurityFilterChain [main] Will secure any request with [org.springframework.security.web.session.DisableEncodeUrlFilter@7adbec34, org.springframework.security.web.context.request.async.WebAsyncManagerIntegrationFilter@4aea57dc, org.springframework.security.web.context.SecurityContextPersistenceFilter@fd0e118, org.springframework.security.web.header.HeaderWriterFilter@b548f51, org.springframework.security.web.csrf.CsrfFilter@4bab804f, org.springframework.security.web.authentication.logout.LogoutFilter@10ec4721, org.springframework.security.web.authentication.UsernamePasswordAuthenticationFilter@306bf4c3, org.springframework.security.web.authentication.ui.DefaultLoginPageGeneratingFilter@372841d2, org.springframework.security.web.authentication.ui.DefaultLogoutPageGeneratingFilter@66abc325, org.springframework.security.web.authentication.www.BasicAuthenticationFilter@13809363, org.springframework.security.web.savedrequest.RequestCacheAwareFilter@34b462e0, org.springframework.security.web.servletapi.SecurityContextHolderAwareRequestFilter@446f3a53, org.springframework.security.web.authentication.AnonymousAuthenticationFilter@39403943, org.springframework.security.web.session.SessionManagementFilter@56976b8b, org.springframework.security.web.access.ExceptionTranslationFilter@615e7fe7, org.springframework.security.web.access.intercept.FilterSecurityInterceptor@6108fd23]
2022-09-10 19:49:15,878 INFO o.a.j.l.DirectJDKLog [main] Starting ProtocolHandler ["http-nio-8081"]
2022-09-10 19:49:15,892 INFO o.s.b.w.e.t.TomcatWebServer [main] Tomcat started on port(s): 8081 (http) with context path ''
2022-09-10 19:49:15,900 INFO o.s.b.StartupInfoLogger [main] Started EduBackendApplication in 2.41 seconds (JVM running for 3.106)
2022-09-10 19:49:15,980 ERROR b.k.e.EduBackendApplication [main] Test error message
